This file contains any messages produced by compilers while
running configure, to aid debugging if configure makes a mistake.

It was created by rpm configure 4.12.0, which was
generated by GNU Autoconf 2.69.  Invocation command line was

  $ ./configure 

## --------- ##
## Platform. ##
## --------- ##

hostname = pbx
uname -m = x86_64
uname -r = 3.16.3-x86_64-dts
uname -s = Linux
uname -v = #1 SMP PREEMPT Fri May 8 21:20:24 SAST 2015

/usr/bin/uname -p = unknown
/bin/uname -X     = unknown

/bin/arch              = x86_64
/usr/bin/arch -k       = unknown
/usr/convex/getsysinfo = unknown
/usr/bin/hostinfo      = unknown
/bin/machine           = unknown
/usr/bin/oslevel       = unknown
/bin/universe          = unknown

PATH: /usr/local/sbin
PATH: /usr/local/bin
PATH: /usr/sbin
PATH: /usr/bin
PATH: /sbin
PATH: /bin
PATH: /opt/apache2/bin
PATH: /opt/Xorg/bin
PATH: /opt/xfce/bin
PATH: /usr/lib64/jvm/jdk-1.7.0_65/bin
PATH: /usr/lib64/jvm/apache-ant-1.9.2/bin
PATH: /usr/lib64/jvm/apache-maven-3.1.1/bin
PATH: /opt/texlive/bin/custom
PATH: /opt/android-studio/bin
PATH: /opt/apache2/bin
PATH: /opt/apr/bin
PATH: /opt/dtsbuild/bin
PATH: /opt/forrest/bin
PATH: /opt/gnat/bin
PATH: /opt/libjpeg-turbo/bin
PATH: /opt/MailScanner/bin
PATH: /opt/MailScanner-4.84.5-3/bin
PATH: /opt/MailScanner.old/bin
PATH: /opt/majordomo/bin
PATH: /opt/mesa-demos/bin
PATH: /opt/mysql/bin
PATH: /opt/qemu/bin
PATH: /opt/qt-4/bin
PATH: /opt/qt-5/bin
PATH: /opt/radius/bin
PATH: /opt/texlive/bin
PATH: /opt/xfce/bin
PATH: /opt/Xorg/bin
PATH: /opt/qt-5/bin
PATH: /opt/fop


## ----------- ##
## Core tests. ##
## ----------- ##

configure:2717: checking for a BSD-compatible install
configure:2785: result: /usr/bin/ginstall -c
configure:2796: checking whether build environment is sane
configure:2851: result: yes
configure:3002: checking for a thread-safe mkdir -p
configure:3041: result: /usr/bin/mkdir -p
configure:3048: checking for gawk
configure:3064: found /usr/bin/gawk
configure:3075: result: gawk
configure:3086: checking whether make sets $(MAKE)
configure:3108: result: yes
configure:3137: checking whether make supports nested variables
configure:3154: result: yes
configure:3233: checking how to create a pax tar archive
configure:3244: tar --version
tar (GNU tar) 1.26
Copyright (C) 2013 Free Software Foundation, Inc.
License GPLv3+: GNU GPL version 3 or later <http://gnu.org/licenses/gpl.html>.
This is free software: you are free to change and redistribute it.
There is NO WARRANTY, to the extent permitted by law.

Written by John Gilmore and Jay Fenlason.
configure:3247: $? = 0
configure:3287: tardir=conftest.dir && eval tar --format=posix -chf - "$tardir" >conftest.tar
configure:3290: $? = 0
configure:3294: tar -xf - <conftest.tar
configure:3297: $? = 0
configure:3299: cat conftest.dir/file
GrepMe
configure:3302: $? = 0
configure:3315: result: gnutar
configure:3375: checking whether make supports nested variables
configure:3392: result: yes
configure:3419: checking for style of include used by make
configure:3447: result: GNU
configure:3518: checking for gcc
configure:3534: found /usr/bin/gcc
configure:3545: result: gcc
configure:3774: checking for C compiler version
configure:3783: gcc --version >&5
gcc (GCC) 4.9.2
Copyright (C) 2014 Free Software Foundation, Inc.
This is free software; see the source for copying conditions.  There is NO
warranty; not even for MERCHANTABILITY or FITNESS FOR A PARTICULAR PURPOSE.

configure:3794: $? = 0
configure:3783: gcc -v >&5
Using built-in specs.
COLLECT_GCC=gcc
COLLECT_LTO_WRAPPER=/usr/libexec/gcc/x86_64-linux-gnu/4.9.2/lto-wrapper
Target: x86_64-linux-gnu
Configured with: ./../configure --prefix=/usr --sysconfdir=/etc/ --mandir=/usr/share/man --localstatedir=/var --infodir=/usr/share/info --libdir=/usr/lib64 --host=x86_64-linux-gnu --build=x86_64-linux-gnu --with-build-sysroot=/var/opt/dtsbuild/sysroot/x86_64 --with-ecj-jar=/usr/share/java/ecj-4.3.2.jar --enable-lto --enable-cloog-backend=isl --enable-java-home --with-system-zlib --with-gmp-lib=/var/opt/dtsbuild/sysroot/x86_64//usr/lib64/x86_64 --target=x86_64-linux-gnu --with-multilib-list=m32,m64,mx32 --with-sysroot=/ --enable-multilib --with-jvm-root-dir=/usr/lib64/jvm/gcj-jdk --enable-languages=c,c++,fortran,java,lto,objc,obj-c++,go,ada
Thread model: posix
gcc version 4.9.2 (GCC) 
configure:3794: $? = 0
configure:3783: gcc -V >&5
gcc: error: unrecognized command line option '-V'
gcc: fatal error: no input files
compilation terminated.
configure:3794: $? = 1
configure:3783: gcc -qversion >&5
gcc: error: unrecognized command line option '-qversion'
gcc: fatal error: no input files
compilation terminated.
configure:3794: $? = 1
configure:3814: checking whether the C compiler works
configure:3836: gcc    conftest.c  >&5
configure:3840: $? = 0
configure:3888: result: yes
configure:3891: checking for C compiler default output file name
configure:3893: result: a.out
configure:3899: checking for suffix of executables
configure:3906: gcc -o conftest    conftest.c  >&5
configure:3910: $? = 0
configure:3932: result: 
configure:3954: checking whether we are cross compiling
configure:3962: gcc -o conftest    conftest.c  >&5
configure:3966: $? = 0
configure:3973: ./conftest
configure:3977: $? = 0
configure:3992: result: no
configure:3997: checking for suffix of object files
configure:4019: gcc -c   conftest.c >&5
configure:4023: $? = 0
configure:4044: result: o
configure:4048: checking whether we are using the GNU C compiler
configure:4067: gcc -c   conftest.c >&5
configure:4067: $? = 0
configure:4076: result: yes
configure:4085: checking whether gcc accepts -g
configure:4105: gcc -c -g  conftest.c >&5
configure:4105: $? = 0
configure:4146: result: yes
configure:4163: checking for gcc option to accept ISO C89
configure:4226: gcc  -c -g -O2  conftest.c >&5
configure:4226: $? = 0
configure:4239: result: none needed
configure:4264: checking whether gcc understands -c and -o together
configure:4286: gcc -c conftest.c -o conftest2.o
configure:4289: $? = 0
configure:4286: gcc -c conftest.c -o conftest2.o
configure:4289: $? = 0
configure:4301: result: yes
configure:4320: checking dependency style of gcc
configure:4431: result: gcc3
configure:4452: checking how to run the C preprocessor
configure:4483: gcc -E  conftest.c
configure:4483: $? = 0
configure:4497: gcc -E  conftest.c
conftest.c:11:28: fatal error: ac_nonexistent.h: No such file or directory
 #include <ac_nonexistent.h>
                            ^
compilation terminated.
configure:4497: $? = 1
configure: failed program was:
| /* confdefs.h */
| #define PACKAGE_NAME "rpm"
| #define PACKAGE_TARNAME "rpm"
| #define PACKAGE_VERSION "4.12.0"
| #define PACKAGE_STRING "rpm 4.12.0"
| #define PACKAGE_BUGREPORT "rpm-maint@lists.rpm.org"
| #define PACKAGE_URL ""
| #define PACKAGE "rpm"
| #define VERSION "4.12.0"
| /* end confdefs.h.  */
| #include <ac_nonexistent.h>
configure:4522: result: gcc -E
configure:4542: gcc -E  conftest.c
configure:4542: $? = 0
configure:4556: gcc -E  conftest.c
conftest.c:11:28: fatal error: ac_nonexistent.h: No such file or directory
 #include <ac_nonexistent.h>
                            ^
compilation terminated.
configure:4556: $? = 1
configure: failed program was:
| /* confdefs.h */
| #define PACKAGE_NAME "rpm"
| #define PACKAGE_TARNAME "rpm"
| #define PACKAGE_VERSION "4.12.0"
| #define PACKAGE_STRING "rpm 4.12.0"
| #define PACKAGE_BUGREPORT "rpm-maint@lists.rpm.org"
| #define PACKAGE_URL ""
| #define PACKAGE "rpm"
| #define VERSION "4.12.0"
| /* end confdefs.h.  */
| #include <ac_nonexistent.h>
configure:4585: checking for grep that handles long lines and -e
configure:4643: result: /usr/bin/grep
configure:4648: checking for egrep
configure:4710: result: /usr/bin/grep -E
configure:4715: checking for ANSI C header files
configure:4735: gcc -c -g -O2  conftest.c >&5
configure:4735: $? = 0
configure:4808: gcc -o conftest -g -O2   conftest.c  >&5
configure:4808: $? = 0
configure:4808: ./conftest
configure:4808: $? = 0
configure:4819: result: yes
configure:4832: checking for sys/types.h
configure:4832: gcc -c -g -O2  conftest.c >&5
configure:4832: $? = 0
configure:4832: result: yes
configure:4832: checking for sys/stat.h
configure:4832: gcc -c -g -O2  conftest.c >&5
configure:4832: $? = 0
configure:4832: result: yes
configure:4832: checking for stdlib.h
configure:4832: gcc -c -g -O2  conftest.c >&5
configure:4832: $? = 0
configure:4832: result: yes
configure:4832: checking for string.h
configure:4832: gcc -c -g -O2  conftest.c >&5
configure:4832: $? = 0
configure:4832: result: yes
configure:4832: checking for memory.h
configure:4832: gcc -c -g -O2  conftest.c >&5
configure:4832: $? = 0
configure:4832: result: yes
configure:4832: checking for strings.h
configure:4832: gcc -c -g -O2  conftest.c >&5
configure:4832: $? = 0
configure:4832: result: yes
configure:4832: checking for inttypes.h
configure:4832: gcc -c -g -O2  conftest.c >&5
configure:4832: $? = 0
configure:4832: result: yes
configure:4832: checking for stdint.h
configure:4832: gcc -c -g -O2  conftest.c >&5
configure:4832: $? = 0
configure:4832: result: yes
configure:4832: checking for unistd.h
configure:4832: gcc -c -g -O2  conftest.c >&5
configure:4832: $? = 0
configure:4832: result: yes
configure:4845: checking minix/config.h usability
configure:4845: gcc -c -g -O2  conftest.c >&5
conftest.c:54:26: fatal error: minix/config.h: No such file or directory
 #include <minix/config.h>
                          ^
compilation terminated.
configure:4845: $? = 1
configure: failed program was:
| /* confdefs.h */
| #define PACKAGE_NAME "rpm"
| #define PACKAGE_TARNAME "rpm"
| #define PACKAGE_VERSION "4.12.0"
| #define PACKAGE_STRING "rpm 4.12.0"
| #define PACKAGE_BUGREPORT "rpm-maint@lists.rpm.org"
| #define PACKAGE_URL ""
| #define PACKAGE "rpm"
| #define VERSION "4.12.0"
| #define STDC_HEADERS 1
| #define HAVE_SYS_TYPES_H 1
| #define HAVE_SYS_STAT_H 1
| #define HAVE_STDLIB_H 1
| #define HAVE_STRING_H 1
| #define HAVE_MEMORY_H 1
| #define HAVE_STRINGS_H 1
| #define HAVE_INTTYPES_H 1
| #define HAVE_STDINT_H 1
| #define HAVE_UNISTD_H 1
| /* end confdefs.h.  */
| #include <stdio.h>
| #ifdef HAVE_SYS_TYPES_H
| # include <sys/types.h>
| #endif
| #ifdef HAVE_SYS_STAT_H
| # include <sys/stat.h>
| #endif
| #ifdef STDC_HEADERS
| # include <stdlib.h>
| # include <stddef.h>
| #else
| # ifdef HAVE_STDLIB_H
| #  include <stdlib.h>
| # endif
| #endif
| #ifdef HAVE_STRING_H
| # if !defined STDC_HEADERS && defined HAVE_MEMORY_H
| #  include <memory.h>
| # endif
| # include <string.h>
| #endif
| #ifdef HAVE_STRINGS_H
| # include <strings.h>
| #endif
| #ifdef HAVE_INTTYPES_H
| # include <inttypes.h>
| #endif
| #ifdef HAVE_STDINT_H
| # include <stdint.h>
| #endif
| #ifdef HAVE_UNISTD_H
| # include <unistd.h>
| #endif
| #include <minix/config.h>
configure:4845: result: no
configure:4845: checking minix/config.h presence
configure:4845: gcc -E  conftest.c
conftest.c:21:26: fatal error: minix/config.h: No such file or directory
 #include <minix/config.h>
                          ^
compilation terminated.
configure:4845: $? = 1
configure: failed program was:
| /* confdefs.h */
| #define PACKAGE_NAME "rpm"
| #define PACKAGE_TARNAME "rpm"
| #define PACKAGE_VERSION "4.12.0"
| #define PACKAGE_STRING "rpm 4.12.0"
| #define PACKAGE_BUGREPORT "rpm-maint@lists.rpm.org"
| #define PACKAGE_URL ""
| #define PACKAGE "rpm"
| #define VERSION "4.12.0"
| #define STDC_HEADERS 1
| #define HAVE_SYS_TYPES_H 1
| #define HAVE_SYS_STAT_H 1
| #define HAVE_STDLIB_H 1
| #define HAVE_STRING_H 1
| #define HAVE_MEMORY_H 1
| #define HAVE_STRINGS_H 1
| #define HAVE_INTTYPES_H 1
| #define HAVE_STDINT_H 1
| #define HAVE_UNISTD_H 1
| /* end confdefs.h.  */
| #include <minix/config.h>
configure:4845: result: no
configure:4845: checking for minix/config.h
configure:4845: result: no
configure:4866: checking whether it is safe to define __EXTENSIONS__
configure:4884: gcc -c -g -O2  conftest.c >&5
configure:4884: $? = 0
configure:4891: result: yes
configure:4992: checking for pkg-config
configure:5010: found /usr/bin/pkg-config
configure:5022: result: /usr/bin/pkg-config
configure:5047: checking pkg-config is at least version 0.9.0
configure:5050: result: yes
configure:5117: checking for g++
configure:5133: found /usr/bin/g++
configure:5144: result: g++
configure:5171: checking for C++ compiler version
configure:5180: g++ --version >&5
g++ (GCC) 4.9.2
Copyright (C) 2014 Free Software Foundation, Inc.
This is free software; see the source for copying conditions.  There is NO
warranty; not even for MERCHANTABILITY or FITNESS FOR A PARTICULAR PURPOSE.

configure:5191: $? = 0
configure:5180: g++ -v >&5
Using built-in specs.
COLLECT_GCC=g++
COLLECT_LTO_WRAPPER=/usr/libexec/gcc/x86_64-linux-gnu/4.9.2/lto-wrapper
Target: x86_64-linux-gnu
Configured with: ./../configure --prefix=/usr --sysconfdir=/etc/ --mandir=/usr/share/man --localstatedir=/var --infodir=/usr/share/info --libdir=/usr/lib64 --host=x86_64-linux-gnu --build=x86_64-linux-gnu --with-build-sysroot=/var/opt/dtsbuild/sysroot/x86_64 --with-ecj-jar=/usr/share/java/ecj-4.3.2.jar --enable-lto --enable-cloog-backend=isl --enable-java-home --with-system-zlib --with-gmp-lib=/var/opt/dtsbuild/sysroot/x86_64//usr/lib64/x86_64 --target=x86_64-linux-gnu --with-multilib-list=m32,m64,mx32 --with-sysroot=/ --enable-multilib --with-jvm-root-dir=/usr/lib64/jvm/gcj-jdk --enable-languages=c,c++,fortran,java,lto,objc,obj-c++,go,ada
Thread model: posix
gcc version 4.9.2 (GCC) 
configure:5191: $? = 0
configure:5180: g++ -V >&5
g++: error: unrecognized command line option '-V'
g++: fatal error: no input files
compilation terminated.
configure:5191: $? = 1
configure:5180: g++ -qversion >&5
g++: error: unrecognized command line option '-qversion'
g++: fatal error: no input files
compilation terminated.
configure:5191: $? = 1
configure:5195: checking whether we are using the GNU C++ compiler
configure:5214: g++ -c   conftest.cpp >&5
configure:5214: $? = 0
configure:5223: result: yes
configure:5232: checking whether g++ accepts -g
configure:5252: g++ -c -g  conftest.cpp >&5
configure:5252: $? = 0
configure:5293: result: yes
configure:5318: checking dependency style of g++
configure:5429: result: gcc3
configure:5448: checking for gawk
configure:5475: result: gawk
configure:5534: checking for gcc
configure:5561: result: gcc
configure:5790: checking for C compiler version
configure:5799: gcc --version >&5
gcc (GCC) 4.9.2
Copyright (C) 2014 Free Software Foundation, Inc.
This is free software; see the source for copying conditions.  There is NO
warranty; not even for MERCHANTABILITY or FITNESS FOR A PARTICULAR PURPOSE.

configure:5810: $? = 0
configure:5799: gcc -v >&5
Using built-in specs.
COLLECT_GCC=gcc
COLLECT_LTO_WRAPPER=/usr/libexec/gcc/x86_64-linux-gnu/4.9.2/lto-wrapper
Target: x86_64-linux-gnu
Configured with: ./../configure --prefix=/usr --sysconfdir=/etc/ --mandir=/usr/share/man --localstatedir=/var --infodir=/usr/share/info --libdir=/usr/lib64 --host=x86_64-linux-gnu --build=x86_64-linux-gnu --with-build-sysroot=/var/opt/dtsbuild/sysroot/x86_64 --with-ecj-jar=/usr/share/java/ecj-4.3.2.jar --enable-lto --enable-cloog-backend=isl --enable-java-home --with-system-zlib --with-gmp-lib=/var/opt/dtsbuild/sysroot/x86_64//usr/lib64/x86_64 --target=x86_64-linux-gnu --with-multilib-list=m32,m64,mx32 --with-sysroot=/ --enable-multilib --with-jvm-root-dir=/usr/lib64/jvm/gcj-jdk --enable-languages=c,c++,fortran,java,lto,objc,obj-c++,go,ada
Thread model: posix
gcc version 4.9.2 (GCC) 
configure:5810: $? = 0
configure:5799: gcc -V >&5
gcc: error: unrecognized command line option '-V'
gcc: fatal error: no input files
compilation terminated.
configure:5810: $? = 1
configure:5799: gcc -qversion >&5
gcc: error: unrecognized command line option '-qversion'
gcc: fatal error: no input files
compilation terminated.
configure:5810: $? = 1
configure:5814: checking whether we are using the GNU C compiler
configure:5842: result: yes
configure:5851: checking whether gcc accepts -g
configure:5912: result: yes
configure:5929: checking for gcc option to accept ISO C89
configure:6005: result: none needed
configure:6030: checking whether gcc understands -c and -o together
configure:6067: result: yes
configure:6086: checking dependency style of gcc
configure:6197: result: gcc3
configure:6217: checking how to run the C preprocessor
configure:6287: result: gcc -E
configure:6307: gcc -E  conftest.c
configure:6307: $? = 0
configure:6321: gcc -E  conftest.c
conftest.c:26:28: fatal error: ac_nonexistent.h: No such file or directory
 #include <ac_nonexistent.h>
                            ^
compilation terminated.
configure:6321: $? = 1
configure: failed program was:
| /* confdefs.h */
| #define PACKAGE_NAME "rpm"
| #define PACKAGE_TARNAME "rpm"
| #define PACKAGE_VERSION "4.12.0"
| #define PACKAGE_STRING "rpm 4.12.0"
| #define PACKAGE_BUGREPORT "rpm-maint@lists.rpm.org"
| #define PACKAGE_URL ""
| #define PACKAGE "rpm"
| #define VERSION "4.12.0"
| #define STDC_HEADERS 1
| #define HAVE_SYS_TYPES_H 1
| #define HAVE_SYS_STAT_H 1
| #define HAVE_STDLIB_H 1
| #define HAVE_STRING_H 1
| #define HAVE_MEMORY_H 1
| #define HAVE_STRINGS_H 1
| #define HAVE_INTTYPES_H 1
| #define HAVE_STDINT_H 1
| #define HAVE_UNISTD_H 1
| #define __EXTENSIONS__ 1
| #define _ALL_SOURCE 1
| #define _GNU_SOURCE 1
| #define _POSIX_PTHREAD_SEMANTICS 1
| #define _TANDEM_SOURCE 1
| /* end confdefs.h.  */
| #include <ac_nonexistent.h>
configure:6350: checking whether ln -s works
configure:6354: result: yes
configure:6361: checking whether make sets $(MAKE)
configure:6383: result: yes
configure:6421: checking build system type
configure:6435: result: x86_64-unknown-linux-gnu
configure:6455: checking host system type
configure:6468: result: x86_64-unknown-linux-gnu
configure:6509: checking how to print strings
configure:6536: result: printf
configure:6557: checking for a sed that does not truncate output
configure:6621: result: /usr/bin/sed
configure:6639: checking for fgrep
configure:6701: result: /usr/bin/grep -F
configure:6736: checking for ld used by gcc
configure:6803: result: /usr/x86_64-linux-gnu/bin/ld
configure:6810: checking if the linker (/usr/x86_64-linux-gnu/bin/ld) is GNU ld
configure:6825: result: yes
configure:6837: checking for BSD- or MS-compatible name lister (nm)
configure:6886: result: /usr/bin/nm -B
configure:7016: checking the name lister (/usr/bin/nm -B) interface
configure:7023: gcc -c -g -O2  conftest.c >&5
configure:7026: /usr/bin/nm -B "conftest.o"
configure:7029: output
0000000000000000 B some_variable
configure:7036: result: BSD nm
configure:7040: checking the maximum length of command line arguments
configure:7170: result: 1572864
configure:7187: checking whether the shell understands some XSI constructs
configure:7197: result: yes
configure:7201: checking whether the shell understands "+="
configure:7207: result: yes
configure:7242: checking how to convert x86_64-unknown-linux-gnu file names to x86_64-unknown-linux-gnu format
configure:7282: result: func_convert_file_noop
configure:7289: checking how to convert x86_64-unknown-linux-gnu file names to toolchain format
configure:7309: result: func_convert_file_noop
configure:7316: checking for /usr/x86_64-linux-gnu/bin/ld option to reload object files
configure:7323: result: -r
configure:7397: checking for objdump
configure:7413: found /usr/bin/objdump
configure:7424: result: objdump
configure:7456: checking how to recognize dependent libraries
configure:7658: result: pass_all
configure:7743: checking for dlltool
configure:7773: result: no
configure:7803: checking how to associate runtime and link libraries
configure:7830: result: printf %s\n
configure:7890: checking for ar
configure:7906: found /usr/bin/ar
configure:7917: result: ar
configure:7954: checking for archiver @FILE support
configure:7971: gcc -c -g -O2  conftest.c >&5
configure:7971: $? = 0
configure:7974: ar cru libconftest.a @conftest.lst >&5
configure:7977: $? = 0
configure:7982: ar cru libconftest.a @conftest.lst >&5
ar: conftest.o: No such file or directory
configure:7985: $? = 1
configure:7997: result: @
configure:8055: checking for strip
configure:8071: found /usr/bin/strip
configure:8082: result: strip
configure:8154: checking for ranlib
configure:8170: found /usr/bin/ranlib
configure:8181: result: ranlib
configure:8283: checking command to parse /usr/bin/nm -B output from gcc object
configure:8403: gcc -c -g -O2  conftest.c >&5
configure:8406: $? = 0
configure:8410: /usr/bin/nm -B conftest.o \| sed -n -e 's/^.*[ ]\([ABCDGIRSTW][ABCDGIRSTW]*\)[ ][ ]*\([_A-Za-z][_A-Za-z0-9]*\)$/\1 \2 \2/p' | sed '/ __gnu_lto/d' \> conftest.nm
configure:8413: $? = 0
configure:8479: gcc -o conftest -g -O2   conftest.c conftstm.o >&5
configure:8482: $? = 0
configure:8520: result: ok
configure:8557: checking for sysroot
configure:8587: result: no
configure:8664: gcc -c -g -O2  conftest.c >&5
configure:8667: $? = 0
configure:8843: checking for mt
configure:8859: found /usr/bin/mt
configure:8870: result: mt
configure:8893: checking if mt is a manifest tool
configure:8899: mt '-?'
usage: mt [-v] [--version] [-h] [ -f device ] command [ count ]
configure:8907: result: no
configure:9546: checking for dlfcn.h
configure:9546: gcc -c -g -O2  conftest.c >&5
configure:9546: $? = 0
configure:9546: result: yes
configure:9733: checking for objdir
configure:9748: result: .libs
configure:10019: checking if gcc supports -fno-rtti -fno-exceptions
configure:10037: gcc -c -g -O2  -fno-rtti -fno-exceptions conftest.c >&5
cc1: warning: command line option '-fno-rtti' is valid for C++/ObjC++ but not for C
configure:10041: $? = 0
configure:10054: result: no
configure:10381: checking for gcc option to produce PIC
configure:10388: result: -fPIC -DPIC
configure:10396: checking if gcc PIC flag -fPIC -DPIC works
configure:10414: gcc -c -g -O2  -fPIC -DPIC -DPIC conftest.c >&5
configure:10418: $? = 0
configure:10431: result: yes
configure:10460: checking if gcc static flag -static works
configure:10488: result: yes
configure:10503: checking if gcc supports -c -o file.o
configure:10524: gcc -c -g -O2  -o out/conftest2.o conftest.c >&5
configure:10528: $? = 0
configure:10550: result: yes
configure:10558: checking if gcc supports -c -o file.o
configure:10605: result: yes
configure:10638: checking whether the gcc linker (/usr/x86_64-linux-gnu/bin/ld -m elf_x86_64) supports shared libraries
configure:11791: result: yes
configure:11828: checking whether -lc should be explicitly linked in
configure:11836: gcc -c -g -O2  conftest.c >&5
configure:11839: $? = 0
configure:11854: gcc -shared  -fPIC -DPIC conftest.o  -v -Wl,-soname -Wl,conftest -o conftest 2\>\&1 \| /usr/bin/grep  -lc  \>/dev/null 2\>\&1
configure:11857: $? = 0
configure:11871: result: no
configure:12031: checking dynamic linker characteristics
configure:12542: gcc -o conftest -g -O2   -Wl,-rpath -Wl,/foo conftest.c  >&5
configure:12542: $? = 0
configure:12764: result: GNU/Linux ld.so
configure:12871: checking how to hardcode library paths into programs
configure:12896: result: immediate
configure:13436: checking whether stripping libraries is possible
configure:13441: result: yes
configure:13476: checking if libtool supports shared libraries
configure:13478: result: yes
configure:13481: checking whether to build shared libraries
configure:13502: result: yes
configure:13505: checking whether to build static libraries
configure:13509: result: no
configure:13532: checking how to run the C++ preprocessor
configure:13559: g++ -E  conftest.cpp
configure:13559: $? = 0
configure:13573: g++ -E  conftest.cpp
conftest.cpp:28:28: fatal error: ac_nonexistent.h: No such file or directory
 #include <ac_nonexistent.h>
                            ^
compilation terminated.
configure:13573: $? = 1
configure: failed program was:
| /* confdefs.h */
| #define PACKAGE_NAME "rpm"
| #define PACKAGE_TARNAME "rpm"
| #define PACKAGE_VERSION "4.12.0"
| #define PACKAGE_STRING "rpm 4.12.0"
| #define PACKAGE_BUGREPORT "rpm-maint@lists.rpm.org"
| #define PACKAGE_URL ""
| #define PACKAGE "rpm"
| #define VERSION "4.12.0"
| #define STDC_HEADERS 1
| #define HAVE_SYS_TYPES_H 1
| #define HAVE_SYS_STAT_H 1
| #define HAVE_STDLIB_H 1
| #define HAVE_STRING_H 1
| #define HAVE_MEMORY_H 1
| #define HAVE_STRINGS_H 1
| #define HAVE_INTTYPES_H 1
| #define HAVE_STDINT_H 1
| #define HAVE_UNISTD_H 1
| #define __EXTENSIONS__ 1
| #define _ALL_SOURCE 1
| #define _GNU_SOURCE 1
| #define _POSIX_PTHREAD_SEMANTICS 1
| #define _TANDEM_SOURCE 1
| #define HAVE_DLFCN_H 1
| #define LT_OBJDIR ".libs/"
| /* end confdefs.h.  */
| #include <ac_nonexistent.h>
configure:13598: result: g++ -E
configure:13618: g++ -E  conftest.cpp
configure:13618: $? = 0
configure:13632: g++ -E  conftest.cpp
conftest.cpp:28:28: fatal error: ac_nonexistent.h: No such file or directory
 #include <ac_nonexistent.h>
                            ^
compilation terminated.
configure:13632: $? = 1
configure: failed program was:
| /* confdefs.h */
| #define PACKAGE_NAME "rpm"
| #define PACKAGE_TARNAME "rpm"
| #define PACKAGE_VERSION "4.12.0"
| #define PACKAGE_STRING "rpm 4.12.0"
| #define PACKAGE_BUGREPORT "rpm-maint@lists.rpm.org"
| #define PACKAGE_URL ""
| #define PACKAGE "rpm"
| #define VERSION "4.12.0"
| #define STDC_HEADERS 1
| #define HAVE_SYS_TYPES_H 1
| #define HAVE_SYS_STAT_H 1
| #define HAVE_STDLIB_H 1
| #define HAVE_STRING_H 1
| #define HAVE_MEMORY_H 1
| #define HAVE_STRINGS_H 1
| #define HAVE_INTTYPES_H 1
| #define HAVE_STDINT_H 1
| #define HAVE_UNISTD_H 1
| #define __EXTENSIONS__ 1
| #define _ALL_SOURCE 1
| #define _GNU_SOURCE 1
| #define _POSIX_PTHREAD_SEMANTICS 1
| #define _TANDEM_SOURCE 1
| #define HAVE_DLFCN_H 1
| #define LT_OBJDIR ".libs/"
| /* end confdefs.h.  */
| #include <ac_nonexistent.h>
configure:13801: checking for ld used by g++
configure:13868: result: /usr/x86_64-linux-gnu/bin/ld -m elf_x86_64
configure:13875: checking if the linker (/usr/x86_64-linux-gnu/bin/ld -m elf_x86_64) is GNU ld
configure:13890: result: yes
configure:13945: checking whether the g++ linker (/usr/x86_64-linux-gnu/bin/ld -m elf_x86_64) supports shared libraries
configure:14950: result: yes
configure:14986: g++ -c -g -O2  conftest.cpp >&5
configure:14989: $? = 0
configure:15509: checking for g++ option to produce PIC
configure:15516: result: -fPIC -DPIC
configure:15524: checking if g++ PIC flag -fPIC -DPIC works
configure:15542: g++ -c -g -O2  -fPIC -DPIC -DPIC conftest.cpp >&5
configure:15546: $? = 0
configure:15559: result: yes
configure:15582: checking if g++ static flag -static works
configure:15610: result: yes
configure:15622: checking if g++ supports -c -o file.o
configure:15643: g++ -c -g -O2  -o out/conftest2.o conftest.cpp >&5
configure:15647: $? = 0
configure:15669: result: yes
configure:15674: checking if g++ supports -c -o file.o
configure:15721: result: yes
configure:15751: checking whether the g++ linker (/usr/x86_64-linux-gnu/bin/ld -m elf_x86_64) supports shared libraries
configure:15787: result: yes
configure:15928: checking dynamic linker characteristics
configure:16595: result: GNU/Linux ld.so
configure:16648: checking how to hardcode library paths into programs
configure:16673: result: immediate
configure:16738: checking for bison
configure:16754: found /usr/bin/bison
configure:16765: result: bison -y
configure:16780: checking for gcc option to accept ISO C99
configure:16929: gcc  -c -g -O2  conftest.c >&5
conftest.c:78:29: error: expected ';', ',' or ')' before 'text'
 test_restrict (ccp restrict text)
                             ^
conftest.c: In function 'main':
conftest.c:132:18: error: expected '=', ',', ';', 'asm' or '__attribute__' before 'newvar'
   char *restrict newvar = "Another string";
                  ^
conftest.c:132:18: error: 'newvar' undeclared (first use in this function)
conftest.c:132:18: note: each undeclared identifier is reported only once for each function it appears in
conftest.c:142:3: error: 'for' loop initial declarations are only allowed in C99 or C11 mode
   for (int i = 0; i < ia->datasize; ++i)
   ^
conftest.c:142:3: note: use option -std=c99, -std=gnu99, -std=c11 or -std=gnu11 to compile your code
configure:16929: $? = 1
configure: failed program was:
| /* confdefs.h */
| #define PACKAGE_NAME "rpm"
| #define PACKAGE_TARNAME "rpm"
| #define PACKAGE_VERSION "4.12.0"
| #define PACKAGE_STRING "rpm 4.12.0"
| #define PACKAGE_BUGREPORT "rpm-maint@lists.rpm.org"
| #define PACKAGE_URL ""
| #define PACKAGE "rpm"
| #define VERSION "4.12.0"
| #define STDC_HEADERS 1
| #define HAVE_SYS_TYPES_H 1
| #define HAVE_SYS_STAT_H 1
| #define HAVE_STDLIB_H 1
| #define HAVE_STRING_H 1
| #define HAVE_MEMORY_H 1
| #define HAVE_STRINGS_H 1
| #define HAVE_INTTYPES_H 1
| #define HAVE_STDINT_H 1
| #define HAVE_UNISTD_H 1
| #define __EXTENSIONS__ 1
| #define _ALL_SOURCE 1
| #define _GNU_SOURCE 1
| #define _POSIX_PTHREAD_SEMANTICS 1
| #define _TANDEM_SOURCE 1
| #define HAVE_DLFCN_H 1
| #define LT_OBJDIR ".libs/"
| /* end confdefs.h.  */
| #include <stdarg.h>
| #include <stdbool.h>
| #include <stdlib.h>
| #include <wchar.h>
| #include <stdio.h>
| 
| // Check varargs macros.  These examples are taken from C99 6.10.3.5.
| #define debug(...) fprintf (stderr, __VA_ARGS__)
| #define showlist(...) puts (#__VA_ARGS__)
| #define report(test,...) ((test) ? puts (#test) : printf (__VA_ARGS__))
| static void
| test_varargs_macros (void)
| {
|   int x = 1234;
|   int y = 5678;
|   debug ("Flag");
|   debug ("X = %d\n", x);
|   showlist (The first, second, and third items.);
|   report (x>y, "x is %d but y is %d", x, y);
| }
| 
| // Check long long types.
| #define BIG64 18446744073709551615ull
| #define BIG32 4294967295ul
| #define BIG_OK (BIG64 / BIG32 == 4294967297ull && BIG64 % BIG32 == 0)
| #if !BIG_OK
|   your preprocessor is broken;
| #endif
| #if BIG_OK
| #else
|   your preprocessor is broken;
| #endif
| static long long int bignum = -9223372036854775807LL;
| static unsigned long long int ubignum = BIG64;
| 
| struct incomplete_array
| {
|   int datasize;
|   double data[];
| };
| 
| struct named_init {
|   int number;
|   const wchar_t *name;
|   double average;
| };
| 
| typedef const char *ccp;
| 
| static inline int
| test_restrict (ccp restrict text)
| {
|   // See if C++-style comments work.
|   // Iterate through items via the restricted pointer.
|   // Also check for declarations in for loops.
|   for (unsigned int i = 0; *(text+i) != '\0'; ++i)
|     continue;
|   return 0;
| }
| 
| // Check varargs and va_copy.
| static void
| test_varargs (const char *format, ...)
| {
|   va_list args;
|   va_start (args, format);
|   va_list args_copy;
|   va_copy (args_copy, args);
| 
|   const char *str;
|   int number;
|   float fnumber;
| 
|   while (*format)
|     {
|       switch (*format++)
| 	{
| 	case 's': // string
| 	  str = va_arg (args_copy, const char *);
| 	  break;
| 	case 'd': // int
| 	  number = va_arg (args_copy, int);
| 	  break;
| 	case 'f': // float
| 	  fnumber = va_arg (args_copy, double);
| 	  break;
| 	default:
| 	  break;
| 	}
|     }
|   va_end (args_copy);
|   va_end (args);
| }
| 
| int
| main ()
| {
| 
|   // Check bool.
|   _Bool success = false;
| 
|   // Check restrict.
|   if (test_restrict ("String literal") == 0)
|     success = true;
|   char *restrict newvar = "Another string";
| 
|   // Check varargs.
|   test_varargs ("s, d' f .", "string", 65, 34.234);
|   test_varargs_macros ();
| 
|   // Check flexible array members.
|   struct incomplete_array *ia =
|     malloc (sizeof (struct incomplete_array) + (sizeof (double) * 10));
|   ia->datasize = 10;
|   for (int i = 0; i < ia->datasize; ++i)
|     ia->data[i] = i * 1.234;
| 
|   // Check named initializers.
|   struct named_init ni = {
|     .number = 34,
|     .name = L"Test wide string",
|     .average = 543.34343,
|   };
| 
|   ni.number = 58;
| 
|   int dynamic_array[ni.number];
|   dynamic_array[ni.number - 1] = 543;
| 
|   // work around unused variable warnings
|   return (!success || bignum == 0LL || ubignum == 0uLL || newvar[0] == 'x'
| 	  || dynamic_array[ni.number - 1] != 543);
| 
|   ;
|   return 0;
| }
configure:16929: gcc -std=gnu99 -c -g -O2  conftest.c >&5
configure:16929: $? = 0
configure:16949: result: -std=gnu99
configure:16965: checking supported compiler flags
configure:16982: gcc -std=gnu99 -c -g -O2 -fno-strict-aliasing -Werror  conftest.c >&5
configure:16982: $? = 0
configure:16982: gcc -std=gnu99 -c -g -O2 -fstack-protector -Werror  conftest.c >&5
configure:16982: $? = 0
configure:16982: gcc -std=gnu99 -c -g -O2 -Wempty-body -Werror  conftest.c >&5
configure:16982: $? = 0
configure:17002: checking for special C compiler options needed for large files
configure:17047: result: no
configure:17053: checking for _FILE_OFFSET_BITS value needed for large files
configure:17078: gcc -std=gnu99 -c -g -O2 -fPIC -DPIC -D_REENTRANT -Wall -Wpointer-arith -Wmissing-prototypes -Wstrict-prototypes  -fno-strict-aliasing -fstack-protector -Wempty-body  conftest.c >&5
conftest.c:38:1: warning: function declaration isn't a prototype [-Wstrict-prototypes]
 main ()
 ^
configure:17078: $? = 0
configure:17110: result: no
configure:17196: checking POSIX chmod
configure:17204: result: yes
configure:17259: checking for ar
configure:17286: result: ar
configure:17319: checking for 7zip
configure:17352: result: no
configure:17319: checking for 7za
configure:17337: found /usr/bin/7za
configure:17349: result: /usr/bin/7za
configure:17363: checking for bzip2
configure:17381: found /usr/bin/bzip2
configure:17394: result: /usr/bin/bzip2
configure:17404: checking for cat
configure:17422: found /usr/bin/cat
configure:17435: result: /usr/bin/cat
configure:17445: checking for chgrp
configure:17463: found /usr/bin/chgrp
configure:17476: result: /usr/bin/chgrp
configure:17486: checking for chmod
configure:17504: found /usr/bin/chmod
configure:17517: result: /usr/bin/chmod
configure:17527: checking for chown
configure:17545: found /usr/bin/chown
configure:17558: result: /usr/bin/chown
configure:17568: checking for cp
configure:17586: found /usr/bin/cp
configure:17599: result: /usr/bin/cp
configure:17609: checking for cpio
configure:17627: found /usr/bin/cpio
configure:17640: result: /usr/bin/cpio
configure:17650: checking for curl
configure:17668: found /usr/bin/curl
configure:17681: result: /usr/bin/curl
configure:17691: checking for file
configure:17709: found /usr/bin/file
configure:17722: result: /usr/bin/file
configure:17732: checking for gpg
configure:17750: found /usr/bin/gpg
configure:17763: result: /usr/bin/gpg
configure:17773: checking for grep
configure:17791: found /usr/bin/grep
configure:17804: result: /usr/bin/grep
configure:17814: checking for gzip
configure:17832: found /usr/bin/gzip
configure:17845: result: /usr/bin/gzip
configure:17855: checking for unzip
configure:17873: found /usr/bin/unzip
configure:17886: result: /usr/bin/unzip
configure:17896: checking for id
configure:17914: found /usr/bin/id
configure:17927: result: /usr/bin/id
configure:17937: checking for install
configure:17955: found /usr/bin/install
configure:17968: result: /usr/bin/install
configure:17978: checking for lrzip
configure:18009: result: /usr/bin/lrzip
configure:18019: checking for lzip
configure:18050: result: /usr/bin/lzip
configure:18060: checking for xz
configure:18078: found /usr/bin/xz
configure:18091: result: /usr/bin/xz
configure:18101: checking for make
configure:18119: found /usr/bin/make
configure:18132: result: /usr/bin/make
configure:18142: checking for mkdir
configure:18160: found /usr/bin/mkdir
configure:18173: result: /usr/bin/mkdir
configure:18183: checking for mv
configure:18201: found /usr/bin/mv
configure:18214: result: /usr/bin/mv
configure:18224: checking for patch
configure:18242: found /usr/bin/patch
configure:18255: result: /usr/bin/patch
configure:18265: checking for restorecon
configure:18296: result: /sbin/restorecon
configure:18304: checking old version of patch
configure:18315: result: patch later then 2.2 found
configure:18321: checking for perl
configure:18339: found /usr/bin/perl
configure:18352: result: /usr/bin/perl
configure:18362: checking for pgp
configure:18393: result: /usr/bin/pgp
configure:18403: checking for python
configure:18421: found /usr/bin/python
configure:18434: result: /usr/bin/python
configure:18444: checking for rm
configure:18462: found /usr/bin/rm
configure:18475: result: /usr/bin/rm
configure:18485: checking for rsh
configure:18503: found /usr/bin/rsh
configure:18516: result: /usr/bin/rsh
configure:18526: checking for sed
configure:18544: found /usr/bin/sed
configure:18557: result: /usr/bin/sed
configure:18567: checking for semodule
configure:18598: result: /usr/bin/semodule
configure:18608: checking for ssh
configure:18626: found /usr/bin/ssh
configure:18639: result: /usr/bin/ssh
configure:18649: checking for tar
configure:18667: found /usr/bin/tar
configure:18680: result: /usr/bin/tar
configure:18691: checking for ld
configure:18709: found /usr/bin/ld
configure:18722: result: /usr/bin/ld
configure:18732: checking for nm
configure:18750: found /usr/bin/nm
configure:18763: result: /usr/bin/nm
configure:18773: checking for objcopy
configure:18791: found /usr/bin/objcopy
configure:18804: result: /usr/bin/objcopy
configure:18814: checking for objdump
configure:18832: found /usr/bin/objdump
configure:18845: result: /usr/bin/objdump
configure:18855: checking for strip
configure:18873: found /usr/bin/strip
configure:18886: result: /usr/bin/strip
configure:18897: checking for git
configure:18915: found /usr/bin/git
configure:18928: result: /usr/bin/git
configure:18938: checking for hg
configure:18956: found /usr/bin/hg
configure:18969: result: /usr/bin/hg
configure:18979: checking for bzr
configure:18997: found /usr/bin/bzr
configure:19010: result: /usr/bin/bzr
configure:19020: checking for quilt
configure:19051: result: /usr/bin/quilt
configure:19062: checking for fakechroot
configure:19093: result: no
configure:19131: checking zlib.h usability
configure:19131: gcc -std=gnu99 -c -g -O2 -fPIC -DPIC -D_REENTRANT -Wall -Wpointer-arith -Wmissing-prototypes -Wstrict-prototypes  -fno-strict-aliasing -fstack-protector -Wempty-body  conftest.c >&5
configure:19131: $? = 0
configure:19131: result: yes
configure:19131: checking zlib.h presence
configure:19131: gcc -E  conftest.c
configure:19131: $? = 0
configure:19131: result: yes
configure:19131: checking for zlib.h
configure:19131: result: yes
configure:19141: checking for gzread in -lz
configure:19166: gcc -std=gnu99 -o conftest -g -O2 -fPIC -DPIC -D_REENTRANT -Wall -Wpointer-arith -Wmissing-prototypes -Wstrict-prototypes  -fno-strict-aliasing -fstack-protector -Wempty-body   conftest.c -lz   >&5
conftest.c:37:1: warning: function declaration isn't a prototype [-Wstrict-prototypes]
 char gzread ();
 ^
conftest.c:39:1: warning: function declaration isn't a prototype [-Wstrict-prototypes]
 main ()
 ^
configure:19166: $? = 0
configure:19176: result: yes
configure:19185: checking for gzseek in -lz
configure:19210: gcc -std=gnu99 -o conftest -g -O2 -fPIC -DPIC -D_REENTRANT -Wall -Wpointer-arith -Wmissing-prototypes -Wstrict-prototypes  -fno-strict-aliasing -fstack-protector -Wempty-body   conftest.c -lz   >&5
conftest.c:37:1: warning: function declaration isn't a prototype [-Wstrict-prototypes]
 char gzseek ();
 ^
conftest.c:39:1: warning: function declaration isn't a prototype [-Wstrict-prototypes]
 main ()
 ^
configure:19210: $? = 0
configure:19220: result: yes
configure:19248: checking bzlib.h usability
configure:19248: gcc -std=gnu99 -c -g -O2 -fPIC -DPIC -D_REENTRANT -Wall -Wpointer-arith -Wmissing-prototypes -Wstrict-prototypes  -fno-strict-aliasing -fstack-protector -Wempty-body  conftest.c >&5
configure:19248: $? = 0
configure:19248: result: yes
configure:19248: checking bzlib.h presence
configure:19248: gcc -E  conftest.c
configure:19248: $? = 0
configure:19248: result: yes
configure:19248: checking for bzlib.h
configure:19248: result: yes
configure:19254: checking for BZ2_bzread in -lbz2
configure:19279: gcc -std=gnu99 -o conftest -g -O2 -fPIC -DPIC -D_REENTRANT -Wall -Wpointer-arith -Wmissing-prototypes -Wstrict-prototypes  -fno-strict-aliasing -fstack-protector -Wempty-body   conftest.c -lbz2   >&5
conftest.c:39:1: warning: function declaration isn't a prototype [-Wstrict-prototypes]
 char BZ2_bzread ();
 ^
conftest.c:41:1: warning: function declaration isn't a prototype [-Wstrict-prototypes]
 main ()
 ^
configure:19279: $? = 0
configure:19288: result: yes
configure:19306: checking lzma.h usability
configure:19306: gcc -std=gnu99 -c -g -O2 -fPIC -DPIC -D_REENTRANT -Wall -Wpointer-arith -Wmissing-prototypes -Wstrict-prototypes  -fno-strict-aliasing -fstack-protector -Wempty-body  conftest.c >&5
configure:19306: $? = 0
configure:19306: result: yes
configure:19306: checking lzma.h presence
configure:19306: gcc -E  conftest.c
configure:19306: $? = 0
configure:19306: result: yes
configure:19306: checking for lzma.h
configure:19306: result: yes
configure:19312: checking for lzma_easy_encoder in -llzma
configure:19337: gcc -std=gnu99 -o conftest -g -O2 -fPIC -DPIC -D_REENTRANT -Wall -Wpointer-arith -Wmissing-prototypes -Wstrict-prototypes  -fno-strict-aliasing -fstack-protector -Wempty-body   conftest.c -llzma   >&5
conftest.c:40:1: warning: function declaration isn't a prototype [-Wstrict-prototypes]
 char lzma_easy_encoder ();
 ^
conftest.c:42:1: warning: function declaration isn't a prototype [-Wstrict-prototypes]
 main ()
 ^
/usr/lib64/gcc/x86_64-linux-gnu/4.9.2/../../../../x86_64-linux-gnu/bin/ld: cannot find -llzma
collect2: error: ld returned 1 exit status
configure:19337: $? = 1
configure: failed program was:
| /* confdefs.h */
| #define PACKAGE_NAME "rpm"
| #define PACKAGE_TARNAME "rpm"
| #define PACKAGE_VERSION "4.12.0"
| #define PACKAGE_STRING "rpm 4.12.0"
| #define PACKAGE_BUGREPORT "rpm-maint@lists.rpm.org"
| #define PACKAGE_URL ""
| #define PACKAGE "rpm"
| #define VERSION "4.12.0"
| #define STDC_HEADERS 1
| #define HAVE_SYS_TYPES_H 1
| #define HAVE_SYS_STAT_H 1
| #define HAVE_STDLIB_H 1
| #define HAVE_STRING_H 1
| #define HAVE_MEMORY_H 1
| #define HAVE_STRINGS_H 1
| #define HAVE_INTTYPES_H 1
| #define HAVE_STDINT_H 1
| #define HAVE_UNISTD_H 1
| #define __EXTENSIONS__ 1
| #define _ALL_SOURCE 1
| #define _GNU_SOURCE 1
| #define _POSIX_PTHREAD_SEMANTICS 1
| #define _TANDEM_SOURCE 1
| #define HAVE_DLFCN_H 1
| #define LT_OBJDIR ".libs/"
| #define __MKDIR_P "/usr/bin/mkdir -p"
| #define HAVE_ZLIB_H 1
| #define HAVE_GZSEEK 1
| #define HAVE_BZLIB_H 1
| #define HAVE_LZMA_H 1
| /* end confdefs.h.  */
| 
| /* Override any GCC internal prototype to avoid an error.
|    Use char because int might match the return type of a GCC
|    builtin and then its argument prototype would still apply.  */
| #ifdef __cplusplus
| extern "C"
| #endif
| char lzma_easy_encoder ();
| int
| main ()
| {
| return lzma_easy_encoder ();
|   ;
|   return 0;
| }
configure:19346: result: no
configure:19363: checking for gethostname
configure:19363: gcc -std=gnu99 -o conftest -g -O2 -fPIC -DPIC -D_REENTRANT -Wall -Wpointer-arith -Wmissing-prototypes -Wstrict-prototypes  -fno-strict-aliasing -fstack-protector -Wempty-body   conftest.c  >&5
conftest.c:56:1: warning: function declaration isn't a prototype [-Wstrict-prototypes]
 char gethostname ();
 ^
conftest.c:65:1: warning: function declaration isn't a prototype [-Wstrict-prototypes]
 main ()
 ^
configure:19363: $? = 0
configure:19363: result: yes
configure:19419: checking pthread.h usability
configure:19419: gcc -std=gnu99 -c -g -O2 -fPIC -DPIC -D_REENTRANT -Wall -Wpointer-arith -Wmissing-prototypes -Wstrict-prototypes  -fno-strict-aliasing -fstack-protector -Wempty-body  conftest.c >&5
configure:19419: $? = 0
configure:19419: result: yes
configure:19419: checking pthread.h presence
configure:19419: gcc -E  conftest.c
configure:19419: $? = 0
configure:19419: result: yes
configure:19419: checking for pthread.h
configure:19419: result: yes
configure:19430: checking for pthread_mutex_trylock in -lpthread
configure:19455: gcc -std=gnu99 -o conftest -g -O2 -fPIC -DPIC -D_REENTRANT -Wall -Wpointer-arith -Wmissing-prototypes -Wstrict-prototypes  -fno-strict-aliasing -fstack-protector -Wempty-body   conftest.c -lpthread   >&5
conftest.c:41:1: warning: function declaration isn't a prototype [-Wstrict-prototypes]
 char pthread_mutex_trylock ();
 ^
conftest.c:43:1: warning: function declaration isn't a prototype [-Wstrict-prototypes]
 main ()
 ^
configure:19455: $? = 0
configure:19464: result: yes
configure:19572: checking for library containing dlopen
configure:19603: gcc -std=gnu99 -o conftest -g -O2 -fPIC -DPIC -D_REENTRANT -Wall -Wpointer-arith -Wmissing-prototypes -Wstrict-prototypes  -fno-strict-aliasing -fstack-protector -Wempty-body   conftest.c -lpthread  >&5
conftest.c:42:1: warning: function declaration isn't a prototype [-Wstrict-prototypes]
 char dlopen ();
 ^
conftest.c:44:1: warning: function declaration isn't a prototype [-Wstrict-prototypes]
 main ()
 ^
/tmp/ccbWQP7y.o: In function `main':
/root/rpm/conftest.c:46: undefined reference to `dlopen'
collect2: error: ld returned 1 exit status
configure:19603: $? = 1
configure: failed program was:
| /* confdefs.h */
| #define PACKAGE_NAME "rpm"
| #define PACKAGE_TARNAME "rpm"
| #define PACKAGE_VERSION "4.12.0"
| #define PACKAGE_STRING "rpm 4.12.0"
| #define PACKAGE_BUGREPORT "rpm-maint@lists.rpm.org"
| #define PACKAGE_URL ""
| #define PACKAGE "rpm"
| #define VERSION "4.12.0"
| #define STDC_HEADERS 1
| #define HAVE_SYS_TYPES_H 1
| #define HAVE_SYS_STAT_H 1
| #define HAVE_STDLIB_H 1
| #define HAVE_STRING_H 1
| #define HAVE_MEMORY_H 1
| #define HAVE_STRINGS_H 1
| #define HAVE_INTTYPES_H 1
| #define HAVE_STDINT_H 1
| #define HAVE_UNISTD_H 1
| #define __EXTENSIONS__ 1
| #define _ALL_SOURCE 1
| #define _GNU_SOURCE 1
| #define _POSIX_PTHREAD_SEMANTICS 1
| #define _TANDEM_SOURCE 1
| #define HAVE_DLFCN_H 1
| #define LT_OBJDIR ".libs/"
| #define __MKDIR_P "/usr/bin/mkdir -p"
| #define HAVE_ZLIB_H 1
| #define HAVE_GZSEEK 1
| #define HAVE_BZLIB_H 1
| #define HAVE_LZMA_H 1
| #define HAVE_PTHREAD_H 1
| #define HAVE_LIBPTHREAD 1
| /* end confdefs.h.  */
| 
| /* Override any GCC internal prototype to avoid an error.
|    Use char because int might match the return type of a GCC
|    builtin and then its argument prototype would still apply.  */
| #ifdef __cplusplus
| extern "C"
| #endif
| char dlopen ();
| int
| main ()
| {
| return dlopen ();
|   ;
|   return 0;
| }
configure:19603: gcc -std=gnu99 -o conftest -g -O2 -fPIC -DPIC -D_REENTRANT -Wall -Wpointer-arith -Wmissing-prototypes -Wstrict-prototypes  -fno-strict-aliasing -fstack-protector -Wempty-body   conftest.c -ldl  -lpthread  >&5
conftest.c:42:1: warning: function declaration isn't a prototype [-Wstrict-prototypes]
 char dlopen ();
 ^
conftest.c:44:1: warning: function declaration isn't a prototype [-Wstrict-prototypes]
 main ()
 ^
configure:19603: $? = 0
configure:19620: result: -ldl
configure:19632: checking libelf.h usability
configure:19632: gcc -std=gnu99 -c -g -O2 -fPIC -DPIC -D_REENTRANT -Wall -Wpointer-arith -Wmissing-prototypes -Wstrict-prototypes  -fno-strict-aliasing -fstack-protector -Wempty-body  conftest.c >&5
configure:19632: $? = 0
configure:19632: result: yes
configure:19632: checking libelf.h presence
configure:19632: gcc -E  conftest.c
configure:19632: $? = 0
configure:19632: result: yes
configure:19632: checking for libelf.h
configure:19632: result: yes
configure:19640: checking gelf.h usability
configure:19640: gcc -std=gnu99 -c -g -O2 -fPIC -DPIC -D_REENTRANT -Wall -Wpointer-arith -Wmissing-prototypes -Wstrict-prototypes  -fno-strict-aliasing -fstack-protector -Wempty-body  conftest.c >&5
configure:19640: $? = 0
configure:19640: result: yes
configure:19640: checking gelf.h presence
configure:19640: gcc -E  conftest.c
configure:19640: $? = 0
configure:19640: result: yes
configure:19640: checking for gelf.h
configure:19640: result: yes
configure:19646: checking for gelf_getvernaux in -lelf
configure:19671: gcc -std=gnu99 -o conftest -g -O2 -fPIC -DPIC -D_REENTRANT -Wall -Wpointer-arith -Wmissing-prototypes -Wstrict-prototypes  -fno-strict-aliasing -fstack-protector -Wempty-body   conftest.c -lelf  -ldl -lpthread  >&5
conftest.c:43:1: warning: function declaration isn't a prototype [-Wstrict-prototypes]
 char gelf_getvernaux ();
 ^
conftest.c:45:1: warning: function declaration isn't a prototype [-Wstrict-prototypes]
 main ()
 ^
/usr/lib64/gcc/x86_64-linux-gnu/4.9.2/../../../../x86_64-linux-gnu/bin/ld: cannot find -lelf
collect2: error: ld returned 1 exit status
configure:19671: $? = 1
configure: failed program was:
| /* confdefs.h */
| #define PACKAGE_NAME "rpm"
| #define PACKAGE_TARNAME "rpm"
| #define PACKAGE_VERSION "4.12.0"
| #define PACKAGE_STRING "rpm 4.12.0"
| #define PACKAGE_BUGREPORT "rpm-maint@lists.rpm.org"
| #define PACKAGE_URL ""
| #define PACKAGE "rpm"
| #define VERSION "4.12.0"
| #define STDC_HEADERS 1
| #define HAVE_SYS_TYPES_H 1
| #define HAVE_SYS_STAT_H 1
| #define HAVE_STDLIB_H 1
| #define HAVE_STRING_H 1
| #define HAVE_MEMORY_H 1
| #define HAVE_STRINGS_H 1
| #define HAVE_INTTYPES_H 1
| #define HAVE_STDINT_H 1
| #define HAVE_UNISTD_H 1
| #define __EXTENSIONS__ 1
| #define _ALL_SOURCE 1
| #define _GNU_SOURCE 1
| #define _POSIX_PTHREAD_SEMANTICS 1
| #define _TANDEM_SOURCE 1
| #define HAVE_DLFCN_H 1
| #define LT_OBJDIR ".libs/"
| #define __MKDIR_P "/usr/bin/mkdir -p"
| #define HAVE_ZLIB_H 1
| #define HAVE_GZSEEK 1
| #define HAVE_BZLIB_H 1
| #define HAVE_LZMA_H 1
| #define HAVE_PTHREAD_H 1
| #define HAVE_LIBPTHREAD 1
| #define HAVE_GELF_H 1
| /* end confdefs.h.  */
| 
| /* Override any GCC internal prototype to avoid an error.
|    Use char because int might match the return type of a GCC
|    builtin and then its argument prototype would still apply.  */
| #ifdef __cplusplus
| extern "C"
| #endif
| char gelf_getvernaux ();
| int
| main ()
| {
| return gelf_getvernaux ();
|   ;
|   return 0;
| }
configure:19680: result: no
configure:19709: checking dwarf.h usability
configure:19709: gcc -std=gnu99 -c -g -O2 -fPIC -DPIC -D_REENTRANT -Wall -Wpointer-arith -Wmissing-prototypes -Wstrict-prototypes  -fno-strict-aliasing -fstack-protector -Wempty-body  conftest.c >&5
configure:19709: $? = 0
configure:19709: result: yes
configure:19709: checking dwarf.h presence
configure:19709: gcc -E  conftest.c
configure:19709: $? = 0
configure:19709: result: yes
configure:19709: checking for dwarf.h
configure:19709: result: yes
configure:19851: checking nspr.h usability
configure:19851: gcc -std=gnu99 -c -g -O2 -fPIC -DPIC -D_REENTRANT -Wall -Wpointer-arith -Wmissing-prototypes -Wstrict-prototypes  -fno-strict-aliasing -fstack-protector -Wempty-body  conftest.c >&5
conftest.c:70:18: fatal error: nspr.h: No such file or directory
 #include <nspr.h>
                  ^
compilation terminated.
configure:19851: $? = 1
configure: failed program was:
| /* confdefs.h */
| #define PACKAGE_NAME "rpm"
| #define PACKAGE_TARNAME "rpm"
| #define PACKAGE_VERSION "4.12.0"
| #define PACKAGE_STRING "rpm 4.12.0"
| #define PACKAGE_BUGREPORT "rpm-maint@lists.rpm.org"
| #define PACKAGE_URL ""
| #define PACKAGE "rpm"
| #define VERSION "4.12.0"
| #define STDC_HEADERS 1
| #define HAVE_SYS_TYPES_H 1
| #define HAVE_SYS_STAT_H 1
| #define HAVE_STDLIB_H 1
| #define HAVE_STRING_H 1
| #define HAVE_MEMORY_H 1
| #define HAVE_STRINGS_H 1
| #define HAVE_INTTYPES_H 1
| #define HAVE_STDINT_H 1
| #define HAVE_UNISTD_H 1
| #define __EXTENSIONS__ 1
| #define _ALL_SOURCE 1
| #define _GNU_SOURCE 1
| #define _POSIX_PTHREAD_SEMANTICS 1
| #define _TANDEM_SOURCE 1
| #define HAVE_DLFCN_H 1
| #define LT_OBJDIR ".libs/"
| #define __MKDIR_P "/usr/bin/mkdir -p"
| #define HAVE_ZLIB_H 1
| #define HAVE_GZSEEK 1
| #define HAVE_BZLIB_H 1
| #define HAVE_LZMA_H 1
| #define HAVE_PTHREAD_H 1
| #define HAVE_LIBPTHREAD 1
| #define HAVE_GELF_H 1
| #define HAVE_DWARF_H 1
| /* end confdefs.h.  */
| #include <stdio.h>
| #ifdef HAVE_SYS_TYPES_H
| # include <sys/types.h>
| #endif
| #ifdef HAVE_SYS_STAT_H
| # include <sys/stat.h>
| #endif
| #ifdef STDC_HEADERS
| # include <stdlib.h>
| # include <stddef.h>
| #else
| # ifdef HAVE_STDLIB_H
| #  include <stdlib.h>
| # endif
| #endif
| #ifdef HAVE_STRING_H
| # if !defined STDC_HEADERS && defined HAVE_MEMORY_H
| #  include <memory.h>
| # endif
| # include <string.h>
| #endif
| #ifdef HAVE_STRINGS_H
| # include <strings.h>
| #endif
| #ifdef HAVE_INTTYPES_H
| # include <inttypes.h>
| #endif
| #ifdef HAVE_STDINT_H
| # include <stdint.h>
| #endif
| #ifdef HAVE_UNISTD_H
| # include <unistd.h>
| #endif
| #include <nspr.h>
configure:19851: result: no
configure:19851: checking nspr.h presence
configure:19851: gcc -E  conftest.c
conftest.c:37:18: fatal error: nspr.h: No such file or directory
 #include <nspr.h>
                  ^
compilation terminated.
configure:19851: $? = 1
configure: failed program was:
| /* confdefs.h */
| #define PACKAGE_NAME "rpm"
| #define PACKAGE_TARNAME "rpm"
| #define PACKAGE_VERSION "4.12.0"
| #define PACKAGE_STRING "rpm 4.12.0"
| #define PACKAGE_BUGREPORT "rpm-maint@lists.rpm.org"
| #define PACKAGE_URL ""
| #define PACKAGE "rpm"
| #define VERSION "4.12.0"
| #define STDC_HEADERS 1
| #define HAVE_SYS_TYPES_H 1
| #define HAVE_SYS_STAT_H 1
| #define HAVE_STDLIB_H 1
| #define HAVE_STRING_H 1
| #define HAVE_MEMORY_H 1
| #define HAVE_STRINGS_H 1
| #define HAVE_INTTYPES_H 1
| #define HAVE_STDINT_H 1
| #define HAVE_UNISTD_H 1
| #define __EXTENSIONS__ 1
| #define _ALL_SOURCE 1
| #define _GNU_SOURCE 1
| #define _POSIX_PTHREAD_SEMANTICS 1
| #define _TANDEM_SOURCE 1
| #define HAVE_DLFCN_H 1
| #define LT_OBJDIR ".libs/"
| #define __MKDIR_P "/usr/bin/mkdir -p"
| #define HAVE_ZLIB_H 1
| #define HAVE_GZSEEK 1
| #define HAVE_BZLIB_H 1
| #define HAVE_LZMA_H 1
| #define HAVE_PTHREAD_H 1
| #define HAVE_LIBPTHREAD 1
| #define HAVE_GELF_H 1
| #define HAVE_DWARF_H 1
| /* end confdefs.h.  */
| #include <nspr.h>
configure:19851: result: no
configure:19851: checking for nspr.h
configure:19851: result: no
configure:19859: error: missing required NSPR / NSS header

## ---------------- ##
## Cache variables. ##
## ---------------- ##

ac_cv_build=x86_64-unknown-linux-gnu
ac_cv_c_compiler_gnu=yes
ac_cv_cxx_compiler_gnu=yes
ac_cv_env_CCC_set=
ac_cv_env_CCC_value=
ac_cv_env_CC_set=
ac_cv_env_CC_value=
ac_cv_env_CFLAGS_set=
ac_cv_env_CFLAGS_value=
ac_cv_env_CPPFLAGS_set=
ac_cv_env_CPPFLAGS_value=
ac_cv_env_CPP_set=
ac_cv_env_CPP_value=
ac_cv_env_CXXCPP_set=
ac_cv_env_CXXCPP_value=
ac_cv_env_CXXFLAGS_set=
ac_cv_env_CXXFLAGS_value=
ac_cv_env_CXX_set=
ac_cv_env_CXX_value=
ac_cv_env_DBUS_CFLAGS_set=
ac_cv_env_DBUS_CFLAGS_value=
ac_cv_env_DBUS_LIBS_set=
ac_cv_env_DBUS_LIBS_value=
ac_cv_env_LDFLAGS_set=
ac_cv_env_LDFLAGS_value=
ac_cv_env_LIBS_set=
ac_cv_env_LIBS_value=
ac_cv_env_LUA_CFLAGS_set=
ac_cv_env_LUA_CFLAGS_value=
ac_cv_env_LUA_LIBS_set=
ac_cv_env_LUA_LIBS_value=
ac_cv_env_PKG_CONFIG_LIBDIR_set=
ac_cv_env_PKG_CONFIG_LIBDIR_value=
ac_cv_env_PKG_CONFIG_PATH_set=
ac_cv_env_PKG_CONFIG_PATH_value=
ac_cv_env_PKG_CONFIG_set=
ac_cv_env_PKG_CONFIG_value=
ac_cv_env_PYTHON_set=
ac_cv_env_PYTHON_value=
ac_cv_env_YACC_set=
ac_cv_env_YACC_value=
ac_cv_env_YFLAGS_set=
ac_cv_env_YFLAGS_value=
ac_cv_env_build_alias_set=
ac_cv_env_build_alias_value=
ac_cv_env_host_alias_set=
ac_cv_env_host_alias_value=
ac_cv_env_target_alias_set=
ac_cv_env_target_alias_value=
ac_cv_func_gethostname=yes
ac_cv_header_bzlib_h=yes
ac_cv_header_dlfcn_h=yes
ac_cv_header_dwarf_h=yes
ac_cv_header_gelf_h=yes
ac_cv_header_inttypes_h=yes
ac_cv_header_libelf_h=yes
ac_cv_header_lzma_h=yes
ac_cv_header_memory_h=yes
ac_cv_header_minix_config_h=no
ac_cv_header_nspr_h=no
ac_cv_header_pthread_h=yes
ac_cv_header_stdc=yes
ac_cv_header_stdint_h=yes
ac_cv_header_stdlib_h=yes
ac_cv_header_string_h=yes
ac_cv_header_strings_h=yes
ac_cv_header_sys_stat_h=yes
ac_cv_header_sys_types_h=yes
ac_cv_header_unistd_h=yes
ac_cv_header_zlib_h=yes
ac_cv_host=x86_64-unknown-linux-gnu
ac_cv_lib_bz2_BZ2_bzread=yes
ac_cv_lib_elf_gelf_getvernaux=no
ac_cv_lib_lzma_lzma_easy_encoder=no
ac_cv_lib_pthread_pthread_mutex_trylock=yes
ac_cv_lib_z___gzread=yes
ac_cv_lib_z___gzseek=yes
ac_cv_objext=o
ac_cv_path_EGREP='/usr/bin/grep -E'
ac_cv_path_FGREP='/usr/bin/grep -F'
ac_cv_path_GREP=/usr/bin/grep
ac_cv_path_SED=/usr/bin/sed
ac_cv_path___7ZIP=/usr/bin/7za
ac_cv_path___BZIP2=/usr/bin/bzip2
ac_cv_path___BZR=/usr/bin/bzr
ac_cv_path___CAT=/usr/bin/cat
ac_cv_path___CHGRP=/usr/bin/chgrp
ac_cv_path___CHMOD=/usr/bin/chmod
ac_cv_path___CHOWN=/usr/bin/chown
ac_cv_path___CP=/usr/bin/cp
ac_cv_path___CPIO=/usr/bin/cpio
ac_cv_path___CURL=/usr/bin/curl
ac_cv_path___FAKECHROOT=no
ac_cv_path___FILE=/usr/bin/file
ac_cv_path___GIT=/usr/bin/git
ac_cv_path___GPG=/usr/bin/gpg
ac_cv_path___GREP=/usr/bin/grep
ac_cv_path___GZIP=/usr/bin/gzip
ac_cv_path___HG=/usr/bin/hg
ac_cv_path___ID=/usr/bin/id
ac_cv_path___INSTALL=/usr/bin/install
ac_cv_path___LD=/usr/bin/ld
ac_cv_path___LRZIP=/usr/bin/lrzip
ac_cv_path___LZIP=/usr/bin/lzip
ac_cv_path___MAKE=/usr/bin/make
ac_cv_path___MKDIR=/usr/bin/mkdir
ac_cv_path___MV=/usr/bin/mv
ac_cv_path___NM=/usr/bin/nm
ac_cv_path___OBJCOPY=/usr/bin/objcopy
ac_cv_path___OBJDUMP=/usr/bin/objdump
ac_cv_path___PATCH=/usr/bin/patch
ac_cv_path___PERL=/usr/bin/perl
ac_cv_path___PGP=/usr/bin/pgp
ac_cv_path___PYTHON=/usr/bin/python
ac_cv_path___QUILT=/usr/bin/quilt
ac_cv_path___RESTORECON=/sbin/restorecon
ac_cv_path___RM=/usr/bin/rm
ac_cv_path___RSH=/usr/bin/rsh
ac_cv_path___SED=/usr/bin/sed
ac_cv_path___SEMODULE=/usr/bin/semodule
ac_cv_path___SSH=/usr/bin/ssh
ac_cv_path___STRIP=/usr/bin/strip
ac_cv_path___TAR=/usr/bin/tar
ac_cv_path___UNZIP=/usr/bin/unzip
ac_cv_path___XZ=/usr/bin/xz
ac_cv_path_ac_pt_PKG_CONFIG=/usr/bin/pkg-config
ac_cv_path_install='/usr/bin/ginstall -c'
ac_cv_path_mkdir=/usr/bin/mkdir
ac_cv_prog_AWK=gawk
ac_cv_prog_CPP='gcc -E'
ac_cv_prog_CXXCPP='g++ -E'
ac_cv_prog_YACC='bison -y'
ac_cv_prog_ac_ct_AR=ar
ac_cv_prog_ac_ct_CC=gcc
ac_cv_prog_ac_ct_CXX=g++
ac_cv_prog_ac_ct_MANIFEST_TOOL=mt
ac_cv_prog_ac_ct_OBJDUMP=objdump
ac_cv_prog_ac_ct_RANLIB=ranlib
ac_cv_prog_ac_ct_STRIP=strip
ac_cv_prog_cc_c89=
ac_cv_prog_cc_c99=-std=gnu99
ac_cv_prog_cc_g=yes
ac_cv_prog_cxx_g=yes
ac_cv_prog_make_make_set=yes
ac_cv_safe_to_define___extensions__=yes
ac_cv_search_dlopen=-ldl
ac_cv_sys_file_offset_bits=no
ac_cv_sys_largefile_CC=no
am_cv_CC_dependencies_compiler_type=gcc3
am_cv_CXX_dependencies_compiler_type=gcc3
am_cv_make_support_nested_variables=yes
am_cv_prog_cc_c_o=yes
am_cv_prog_tar_pax=gnutar
lt_cv_ar_at_file=@
lt_cv_archive_cmds_need_lc=no
lt_cv_deplibs_check_method=pass_all
lt_cv_file_magic_cmd='$MAGIC_CMD'
lt_cv_file_magic_test_file=
lt_cv_ld_reload_flag=-r
lt_cv_nm_interface='BSD nm'
lt_cv_objdir=.libs
lt_cv_path_LD=/usr/x86_64-linux-gnu/bin/ld
lt_cv_path_LDCXX='/usr/x86_64-linux-gnu/bin/ld -m elf_x86_64'
lt_cv_path_NM='/usr/bin/nm -B'
lt_cv_path_mainfest_tool=no
lt_cv_prog_compiler_c_o=yes
lt_cv_prog_compiler_c_o_CXX=yes
lt_cv_prog_compiler_pic='-fPIC -DPIC'
lt_cv_prog_compiler_pic_CXX='-fPIC -DPIC'
lt_cv_prog_compiler_pic_works=yes
lt_cv_prog_compiler_pic_works_CXX=yes
lt_cv_prog_compiler_rtti_exceptions=no
lt_cv_prog_compiler_static_works=yes
lt_cv_prog_compiler_static_works_CXX=yes
lt_cv_prog_gnu_ld=yes
lt_cv_prog_gnu_ldcxx=yes
lt_cv_sharedlib_from_linklib_cmd='printf %s\n'
lt_cv_shlibpath_overrides_runpath=no
lt_cv_sys_global_symbol_pipe='sed -n -e '\''s/^.*[	 ]\([ABCDGIRSTW][ABCDGIRSTW]*\)[	 ][	 ]*\([_A-Za-z][_A-Za-z0-9]*\)$/\1 \2 \2/p'\'' | sed '\''/ __gnu_lto/d'\'''
lt_cv_sys_global_symbol_to_c_name_address='sed -n -e '\''s/^: \([^ ]*\)[ ]*$/  {\"\1\", (void *) 0},/p'\'' -e '\''s/^[ABCDGIRSTW]* \([^ ]*\) \([^ ]*\)$/  {"\2", (void *) \&\2},/p'\'''
lt_cv_sys_global_symbol_to_c_name_address_lib_prefix='sed -n -e '\''s/^: \([^ ]*\)[ ]*$/  {\"\1\", (void *) 0},/p'\'' -e '\''s/^[ABCDGIRSTW]* \([^ ]*\) \(lib[^ ]*\)$/  {"\2", (void *) \&\2},/p'\'' -e '\''s/^[ABCDGIRSTW]* \([^ ]*\) \([^ ]*\)$/  {"lib\2", (void *) \&\2},/p'\'''
lt_cv_sys_global_symbol_to_cdecl='sed -n -e '\''s/^T .* \(.*\)$/extern int \1();/p'\'' -e '\''s/^[ABCDGIRSTW]* .* \(.*\)$/extern char \1;/p'\'''
lt_cv_sys_max_cmd_len=1572864
lt_cv_to_host_file_cmd=func_convert_file_noop
lt_cv_to_tool_file_cmd=func_convert_file_noop

## ----------------- ##
## Output variables. ##
## ----------------- ##

ACLOCAL='${SHELL} /root/rpm/missing aclocal-1.14'
ACL_FALSE=''
ACL_TRUE=''
AMDEPBACKSLASH='\'
AMDEP_FALSE='#'
AMDEP_TRUE=''
AMTAR='$${TAR-tar}'
AM_BACKSLASH='\'
AM_DEFAULT_V='$(AM_DEFAULT_VERBOSITY)'
AM_DEFAULT_VERBOSITY='1'
AM_V='$(V)'
AR='ar'
AS='as'
AUTOCONF='${SHELL} /root/rpm/missing autoconf'
AUTOHEADER='${SHELL} /root/rpm/missing autoheader'
AUTOM4TE=''
AUTOMAKE='${SHELL} /root/rpm/missing automake-1.14'
AWK='gawk'
CAP_FALSE=''
CAP_TRUE=''
CC='gcc -std=gnu99'
CCDEPMODE='depmode=gcc3'
CFLAGS='-g -O2 -fPIC -DPIC -D_REENTRANT -Wall -Wpointer-arith -Wmissing-prototypes -Wstrict-prototypes  -fno-strict-aliasing -fstack-protector -Wempty-body'
CPP='gcc -E'
CPPFLAGS=''
CXX='g++'
CXXCPP='g++ -E'
CXXDEPMODE='depmode=gcc3'
CXXFLAGS='-g -O2'
CYGPATH_W='echo'
DBUS_CFLAGS=''
DBUS_FALSE=''
DBUS_LIBS=''
DBUS_TRUE=''
DEFS=''
DEPDIR='.deps'
DLLTOOL='false'
DOXYGEN=''
DOXYGEN_FALSE=''
DOXYGEN_TRUE=''
DSYMUTIL=''
DUMPBIN=''
ECHO_C=''
ECHO_N='-n'
ECHO_T=''
EGREP='/usr/bin/grep -E'
ENABLE_PLUGINS_FALSE=''
ENABLE_PLUGINS_TRUE=''
ENABLE_PYTHON_FALSE=''
ENABLE_PYTHON_TRUE=''
EXEEXT=''
FGREP='/usr/bin/grep -F'
FIXPERMS='a+rX,u+w,g-w,o-w'
GMSGFMT=''
GMSGFMT_015=''
GREP='/usr/bin/grep'
HACKINGDOCS_FALSE=''
HACKINGDOCS_TRUE=''
HAVE_DOT=''
HAVE_FAKECHROOT_FALSE=''
HAVE_FAKECHROOT_TRUE='#'
HAVE_NSS_INITCONTEXT=''
INSTALL_DATA='${INSTALL} -m 644'
INSTALL_PROGRAM='${INSTALL}'
INSTALL_SCRIPT='${INSTALL}'
INSTALL_STRIP_PROGRAM='$(install_sh) -c -s'
INTLLIBS=''
INTL_MACOSX_LIBS=''
LD='/usr/x86_64-linux-gnu/bin/ld -m elf_x86_64'
LDFLAGS=''
LIBDWARF_FALSE='#'
LIBDWARF_TRUE=''
LIBELF_FALSE=''
LIBELF_TRUE='#'
LIBICONV=''
LIBINTL=''
LIBOBJS=''
LIBS='-ldl -lpthread '
LIBTOOL='$(SHELL) $(top_builddir)/libtool'
LIPO=''
LN_S='ln -s'
LTLIBICONV=''
LTLIBINTL=''
LTLIBOBJS=''
LUA_CFLAGS=''
LUA_LIBS=''
MAKEINFO='${SHELL} /root/rpm/missing makeinfo'
MANIFEST_TOOL=':'
MKDIR_P='/usr/bin/mkdir -p'
MSGFMT=''
MSGFMT_015=''
MSGMERGE=''
NM='/usr/bin/nm -B'
NMEDIT=''
OBJDUMP='objdump'
OBJEXT='o'
OTOOL64=''
OTOOL=''
PACKAGE='rpm'
PACKAGE_BUGREPORT='rpm-maint@lists.rpm.org'
PACKAGE_NAME='rpm'
PACKAGE_STRING='rpm 4.12.0'
PACKAGE_TARNAME='rpm'
PACKAGE_URL=''
PACKAGE_VERSION='4.12.0'
PATH_SEPARATOR=':'
PKG_CONFIG='/usr/bin/pkg-config'
PKG_CONFIG_LIBDIR=''
PKG_CONFIG_PATH=''
POSUB=''
PYTHON=''
PYTHON_EXEC_PREFIX=''
PYTHON_PLATFORM=''
PYTHON_PREFIX=''
PYTHON_VERSION=''
RANLIB='ranlib'
RPMCANONGNU=''
RPMCANONOS=''
RPMCANONVENDOR=''
RPMCONFIGDIR=''
RUNDIR=''
SED='/usr/bin/sed'
SELINUX_FALSE=''
SELINUX_TRUE=''
SET_MAKE=''
SHELL='/bin/sh'
STRIP='strip'
USE_NLS=''
VERSION='4.12.0'
WITH_ACL_LIB=''
WITH_ARCHIVE_FALSE=''
WITH_ARCHIVE_INCLUDE=''
WITH_ARCHIVE_LIB=''
WITH_ARCHIVE_TRUE=''
WITH_BEECRYPT_FALSE=''
WITH_BEECRYPT_INCLUDE=''
WITH_BEECRYPT_LIB=''
WITH_BEECRYPT_TRUE='#'
WITH_BZ2_LIB='-lbz2'
WITH_CAP_LIB=''
WITH_DB_LIB=''
WITH_INTERNAL_BEECRYPT_FALSE=''
WITH_INTERNAL_BEECRYPT_TRUE='#'
WITH_INTERNAL_DB_FALSE=''
WITH_INTERNAL_DB_TRUE=''
WITH_LIBELF_LIB=''
WITH_LUA_FALSE=''
WITH_LUA_TRUE=''
WITH_LZMA_LIB=''
WITH_MAGIC_INCLUDE=''
WITH_MAGIC_LIB=''
WITH_NSS_INCLUDE=''
WITH_NSS_LIB=''
WITH_POPT_INCLUDE=''
WITH_POPT_LIB=''
WITH_PYTHON_INCLUDE=''
WITH_PYTHON_LIB=''
WITH_SELINUX_LIB=''
WITH_SEMANAGE_LIB=''
WITH_ZLIB_INCLUDE=''
WITH_ZLIB_LIB='-lz'
XGETTEXT=''
XGETTEXT_015=''
YACC='bison -y'
YFLAGS=''
__7ZIP='/usr/bin/7za'
__BZIP2='/usr/bin/bzip2'
__BZR='/usr/bin/bzr'
__CAT='/usr/bin/cat'
__CC='gcc'
__CHGRP='/usr/bin/chgrp'
__CHMOD='/usr/bin/chmod'
__CHOWN='/usr/bin/chown'
__CP='/usr/bin/cp'
__CPIO='/usr/bin/cpio'
__CURL='/usr/bin/curl'
__FAKECHROOT='no'
__FILE='/usr/bin/file'
__GIT='/usr/bin/git'
__GPG='/usr/bin/gpg'
__GREP='/usr/bin/grep'
__GZIP='/usr/bin/gzip'
__HG='/usr/bin/hg'
__ID='/usr/bin/id'
__INSTALL='/usr/bin/install'
__LD='/usr/bin/ld'
__LRZIP='/usr/bin/lrzip'
__LZIP='/usr/bin/lzip'
__MAKE='/usr/bin/make'
__MKDIR='/usr/bin/mkdir'
__MKDIR_P='/usr/bin/mkdir -p'
__MV='/usr/bin/mv'
__NM='/usr/bin/nm'
__OBJCOPY='/usr/bin/objcopy'
__OBJDUMP='/usr/bin/objdump'
__PATCH='/usr/bin/patch'
__PERL='/usr/bin/perl'
__PGP='/usr/bin/pgp'
__PYTHON='/usr/bin/python'
__QUILT='/usr/bin/quilt'
__RESTORECON='/sbin/restorecon'
__RM='/usr/bin/rm'
__RSH='/usr/bin/rsh'
__SED='/usr/bin/sed'
__SEMODULE='/usr/bin/semodule'
__SSH='/usr/bin/ssh'
__STRIP='/usr/bin/strip'
__TAR='/usr/bin/tar'
__UNZIP='/usr/bin/unzip'
__XZ='/usr/bin/xz'
ac_ct_AR='ar'
ac_ct_CC='gcc'
ac_ct_CXX='g++'
ac_ct_DUMPBIN=''
am__EXEEXT_FALSE=''
am__EXEEXT_TRUE=''
am__fastdepCC_FALSE='#'
am__fastdepCC_TRUE=''
am__fastdepCXX_FALSE='#'
am__fastdepCXX_TRUE=''
am__include='include'
am__isrc=''
am__leading_dot='.'
am__nodep='_no'
am__quote=''
am__tar='tar --format=posix -chf - "$$tardir"'
am__untar='tar -xf -'
bindir='${exec_prefix}/bin'
build='x86_64-unknown-linux-gnu'
build_alias=''
build_cpu='x86_64'
build_os='linux-gnu'
build_vendor='unknown'
datadir='${datarootdir}'
datarootdir='${prefix}/share'
dirstamp=''
docdir='${datarootdir}/doc/${PACKAGE_TARNAME}'
dvidir='${docdir}'
exec_prefix='NONE'
host='x86_64-unknown-linux-gnu'
host_alias=''
host_cpu='x86_64'
host_os='linux-gnu'
host_vendor='unknown'
htmldir='${docdir}'
includedir='${prefix}/include'
infodir='${datarootdir}/info'
install_sh='${SHELL} /root/rpm/install-sh'
libdir='${exec_prefix}/lib'
libexecdir='${exec_prefix}/libexec'
localedir='${datarootdir}/locale'
localstatedir='${prefix}/var'
mandir='${datarootdir}/man'
mkdir_p='$(MKDIR_P)'
oldincludedir='/usr/include'
pdfdir='${docdir}'
pkgpyexecdir=''
pkgpythondir=''
prefix='NONE'
program_transform_name='s,x,x,'
psdir='${docdir}'
pyexecdir=''
pythondir=''
sbindir='${exec_prefix}/sbin'
sharedstatedir='${prefix}/com'
subdirs=''
sysconfdir='${prefix}/etc'
target_alias=''

## ----------- ##
## confdefs.h. ##
## ----------- ##

/* confdefs.h */
#define PACKAGE_NAME "rpm"
#define PACKAGE_TARNAME "rpm"
#define PACKAGE_VERSION "4.12.0"
#define PACKAGE_STRING "rpm 4.12.0"
#define PACKAGE_BUGREPORT "rpm-maint@lists.rpm.org"
#define PACKAGE_URL ""
#define PACKAGE "rpm"
#define VERSION "4.12.0"
#define STDC_HEADERS 1
#define HAVE_SYS_TYPES_H 1
#define HAVE_SYS_STAT_H 1
#define HAVE_STDLIB_H 1
#define HAVE_STRING_H 1
#define HAVE_MEMORY_H 1
#define HAVE_STRINGS_H 1
#define HAVE_INTTYPES_H 1
#define HAVE_STDINT_H 1
#define HAVE_UNISTD_H 1
#define __EXTENSIONS__ 1
#define _ALL_SOURCE 1
#define _GNU_SOURCE 1
#define _POSIX_PTHREAD_SEMANTICS 1
#define _TANDEM_SOURCE 1
#define HAVE_DLFCN_H 1
#define LT_OBJDIR ".libs/"
#define __MKDIR_P "/usr/bin/mkdir -p"
#define HAVE_ZLIB_H 1
#define HAVE_GZSEEK 1
#define HAVE_BZLIB_H 1
#define HAVE_LZMA_H 1
#define HAVE_PTHREAD_H 1
#define HAVE_LIBPTHREAD 1
#define HAVE_GELF_H 1
#define HAVE_DWARF_H 1

configure: exit 1
